This is XeTeX, Version 3.1415926-2.2-0.9997.4 (Web2C 2010) (format=xelatex 2010.11.15)  6 NOV 2017 09:56
entering extended mode
 restricted \write18 enabled.
 %&-line parsing enabled.
**SayMore.tex
(./SayMore.tex
LaTeX2e <2009/09/24>
Babel <v3.8l> and hyphenation patterns for english, dumylang, nohyphenation, ge
rman-x-2009-06-19, ngerman-x-2009-06-19, afrikaans, ancientgreek, ibycus, arabi
c, armenian, basque, bulgarian, catalan, pinyin, coptic, croatian, czech, danis
h, dutch, ukenglish, usenglishmax, esperanto, estonian, farsi, finnish, french,
 galician, german, ngerman, swissgerman, monogreek, greek, hungarian, icelandic
, assamese, bengali, gujarati, hindi, kannada, malayalam, marathi, oriya, panja
bi, tamil, telugu, indonesian, interlingua, irish, italian, kurmanji, lao, lati
n, latvian, lithuanian, mongolian, mongolianlmc, bokmal, nynorsk, polish, portu
guese, romanian, russian, sanskrit, serbian, slovak, slovenian, spanish, swedis
h, turkish, turkmen, ukrainian, uppersorbian, welsh, loaded.
(c:/Program Files (x86)/XLingPaper/XeLaTeX/texmf-dist/tex/latex/base/book.cls
Document Class: book 2007/10/19 v1.4h Standard LaTeX document class
(c:/Program Files (x86)/XLingPaper/XeLaTeX/texmf-dist/tex/latex/base/bk10.clo
File: bk10.clo 2007/10/19 v1.4h Standard LaTeX file (size option)
)
\c@part=\count80
\c@chapter=\count81
\c@section=\count82
\c@subsection=\count83
\c@subsubsection=\count84
\c@paragraph=\count85
\c@subparagraph=\count86
\c@figure=\count87
\c@table=\count88
\abovecaptionskip=\skip41
\belowcaptionskip=\skip42
\bibindent=\dimen102
)
(c:/Program Files (x86)/XLingPaper/XeLaTeX/texmf-dist/tex/latex/mdframed/mdfram
ed.sty
Package: mdframed 2012/04/08 v1.5: mdframed

(c:/Program Files (x86)/XLingPaper/XeLaTeX/texmf-dist/tex/latex/oberdiek/kvopti
ons.sty
Package: kvoptions 2010/02/22 v3.7 Keyval support for LaTeX options (HO)

(c:/Program Files (x86)/XLingPaper/XeLaTeX/texmf-dist/tex/latex/graphics/keyval
.sty
Package: keyval 1999/03/16 v1.13 key=value parser (DPC)
\KV@toks@=\toks14
)
(c:/Program Files (x86)/XLingPaper/XeLaTeX/texmf-dist/tex/generic/oberdiek/kvse
tkeys.sty
Package: kvsetkeys 2010/03/01 v1.9 Key value parser (HO)

(c:/Program Files (x86)/XLingPaper/XeLaTeX/texmf-dist/tex/generic/oberdiek/infw
arerr.sty
Package: infwarerr 2010/04/08 v1.3 Providing info/warning/message (HO)
)
(c:/Program Files (x86)/XLingPaper/XeLaTeX/texmf-dist/tex/generic/oberdiek/etex
cmds.sty
Package: etexcmds 2010/01/28 v1.3 Prefix for e-TeX command names (HO)
Package etexcmds Info: Could not find \expanded.
(etexcmds)             That can mean that you are not using pdfTeX 1.50 or
(etexcmds)             that some package has redefined \expanded.
(etexcmds)             In the latter case, load this package earlier.
)))
(c:/Program Files (x86)/XLingPaper/XeLaTeX/texmf-dist/tex/latex/xpackages/xbase
/xparse.sty
(c:/Program Files (x86)/XLingPaper/XeLaTeX/texmf-dist/tex/latex/expl3/l3names.s
ty
Package: l3names 2010/10/03 v2064 L3 Experimental Naming Scheme for TeX Primiti
ves
)
Package: xparse 2010/10/13 v2073 Generic document command parser

(c:/Program Files (x86)/XLingPaper/XeLaTeX/texmf-dist/tex/latex/expl3/expl3.sty
Package: expl3 2010/10/02 v2056 L3 Experimental code bundle wrapper

(c:/Program Files (x86)/XLingPaper/XeLaTeX/texmf-dist/tex/latex/etex-pkg/etex.s
ty
Package: etex 1998/03/26 v2.0 eTeX basic definition package (PEB)
\et@xins=\count89
)
(c:/Program Files (x86)/XLingPaper/XeLaTeX/texmf-dist/tex/latex/expl3/l3basics.
sty
Package: l3basics 2010/10/03 v2063 L3 Experimental basic definitions
)
(c:/Program Files (x86)/XLingPaper/XeLaTeX/texmf-dist/tex/latex/expl3/l3expan.s
ty
Package: l3expan 2010/09/20 v2037 L3 Experimental Argument Expansion module
)
(c:/Program Files (x86)/XLingPaper/XeLaTeX/texmf-dist/tex/latex/expl3/l3tl.sty
Package: l3tl 2010/10/29 v2081 L3 Experimental Token Lists
)
(c:/Program Files (x86)/XLingPaper/XeLaTeX/texmf-dist/tex/latex/expl3/l3int.sty
Package: l3int 2010/10/17 v2077 L3 Experimental Integer module
\l_tmpa_int=\count90
\l_tmpb_int=\count91
\l_tmpc_int=\count92
\g_tmpa_int=\count93
\g_tmpb_int=\count94
\c_max_int=\count95
\g_tl_inline_level_int=\count96
)
(c:/Program Files (x86)/XLingPaper/XeLaTeX/texmf-dist/tex/latex/expl3/l3quark.s
ty
Package: l3quark 2010/09/20 v2036 L3 Experimental Quark Commands
)
(c:/Program Files (x86)/XLingPaper/XeLaTeX/texmf-dist/tex/latex/expl3/l3seq.sty
Package: l3seq 2010/03/29 v1879 L3 Experimental sequences and stacks
)
(c:/Program Files (x86)/XLingPaper/XeLaTeX/texmf-dist/tex/latex/expl3/l3toks.st
y
Package: l3toks 2010/09/20 v2037 L3 Experimental Token Registers
\l_tmpb_toks=\toks15
\l_tmpc_toks=\toks16
\g_tmpa_toks=\toks17
\g_tmpb_toks=\toks18
\g_tmpc_toks=\toks19
\c_empty_toks=\toks20
\l_tl_replace_toks=\toks21
)
(c:/Program Files (x86)/XLingPaper/XeLaTeX/texmf-dist/tex/latex/expl3/l3prg.sty
Package: l3prg 2010/10/03 v2063 L3 Experimental control structures
\g_prg_inline_level_int=\count97
)
(c:/Program Files (x86)/XLingPaper/XeLaTeX/texmf-dist/tex/latex/expl3/l3clist.s
ty
Package: l3clist 2010/10/09 v2071 L3 Experimental comma separated lists
\g_clist_map_inline_int=\count98
)
(c:/Program Files (x86)/XLingPaper/XeLaTeX/texmf-dist/tex/latex/expl3/l3token.s
ty
Package: l3token 2010/10/03 v2063 L3 Experimental token investigation and manip
ulation
)
(c:/Program Files (x86)/XLingPaper/XeLaTeX/texmf-dist/tex/latex/expl3/l3prop.st
y
Package: l3prop 2010/03/21 v1857 L3 Experimental Property Lists
\g_prop_inline_level_int=\count99
)
(c:/Program Files (x86)/XLingPaper/XeLaTeX/texmf-dist/tex/latex/expl3/l3msg.sty
Package: l3msg 2010/10/02 v2052 L3 Experimental LaTeX Messages module
\l_msg_redirect_classes_prop=\toks22
\l_msg_redirect_names_prop=\toks23
\l_msg_redirect_fatal_prop=\toks24
\l_msg_redirect_error_prop=\toks25
\l_msg_redirect_warning_prop=\toks26
\l_msg_redirect_info_prop=\toks27
\l_msg_redirect_log_prop=\toks28
\l_msg_redirect_trace_prop=\toks29
\l_msg_redirect_none_prop=\toks30
)
(c:/Program Files (x86)/XLingPaper/XeLaTeX/texmf-dist/tex/latex/expl3/l3io.sty
Package: l3io 2010/10/03 v2063 L3 Experimental i/o module
\g_iow_streams_prop=\toks31
\g_ior_streams_prop=\toks32
\l_iow_stream_int=\count100
)
(c:/Program Files (x86)/XLingPaper/XeLaTeX/texmf-dist/tex/latex/expl3/l3skip.st
y
Package: l3skip 2010/10/03 v2063 L3 Experimental skip registers
\l_tmpa_skip=\skip43
\l_tmpb_skip=\skip44
\l_tmpc_skip=\skip45
\g_tmpa_skip=\skip46
\g_tmpb_skip=\skip47
\l_tmpa_dim=\dimen103
\l_tmpb_dim=\dimen104
\l_tmpc_dim=\dimen105
\l_tmpd_dim=\dimen106
\g_tmpa_dim=\dimen107
\g_tmpb_dim=\dimen108
)
(c:/Program Files (x86)/XLingPaper/XeLaTeX/texmf-dist/tex/latex/expl3/l3box.sty
Package: l3box 2010/09/26 v2048 L3 Experimental Box module
\l_tmpb_box=\box26
)
(c:/Program Files (x86)/XLingPaper/XeLaTeX/texmf-dist/tex/latex/expl3/l3keyval.
sty
Package: l3keyval 2010/04/11 v1890 L3 Experimental keyval processing
\l_KV_level_int=\count101
)
(c:/Program Files (x86)/XLingPaper/XeLaTeX/texmf-dist/tex/latex/expl3/l3keys.st
y
Package: l3keys 2010/10/27 v2079 L3 Experimental key-value support
\l_keys_choice_int=\count102
)
(c:/Program Files (x86)/XLingPaper/XeLaTeX/texmf-dist/tex/latex/expl3/l3precom.
sty
Package: l3precom 2010/02/09 v1793 L3 Experimental precompilation module
\g_gen_sym_int=\count103
\g_ggen_sym_int=\count104
)
(c:/Program Files (x86)/XLingPaper/XeLaTeX/texmf-dist/tex/latex/expl3/l3xref.st
y
Package: l3xref 2010/02/09 v1786 L3 Experimental cross referencing
\g_xref_all_curr_immediate_fields_prop=\toks33
\g_xref_all_curr_deferred_fields_prop=\toks34
)
(c:/Program Files (x86)/XLingPaper/XeLaTeX/texmf-dist/tex/latex/expl3/l3file.st
y
Package: l3file 2010/03/21 v1853 L3 Experimental file loading
)
(c:/Program Files (x86)/XLingPaper/XeLaTeX/texmf-dist/tex/latex/expl3/l3fp.sty
Package: l3fp 2010/10/27 v2080 L3 Experimental floating-point operations
\c_forty_four=\count105
\c_one_hundred=\count106
\c_one_thousand=\count107
\c_one_million=\count108
\c_one_hundred_million=\count109
\c_five_hundred_million=\count110
\c_one_thousand_million=\count111
\c_fp_pi_by_four_decimal_int=\count112
\c_fp_pi_by_four_extended_int=\count113
\c_fp_pi_decimal_int=\count114
\c_fp_pi_extended_int=\count115
\c_fp_two_pi_decimal_int=\count116
\c_fp_two_pi_extended_int=\count117
\l_fp_count_int=\count118
\l_fp_div_offset_int=\count119
\l_fp_input_a_sign_int=\count120
\l_fp_input_a_integer_int=\count121
\l_fp_input_a_decimal_int=\count122
\l_fp_input_a_exponent_int=\count123
\l_fp_input_b_sign_int=\count124
\l_fp_input_b_integer_int=\count125
\l_fp_input_b_decimal_int=\count126
\l_fp_input_b_exponent_int=\count127
\l_fp_input_a_extended_int=\count128
\l_fp_input_b_extended_int=\count129
\l_fp_mul_a_i_int=\count130
\l_fp_mul_a_ii_int=\count131
\l_fp_mul_a_iii_int=\count132
\l_fp_mul_a_iv_int=\count133
\l_fp_mul_a_v_int=\count134
\l_fp_mul_a_vi_int=\count135
\l_fp_mul_b_i_int=\count136
\l_fp_mul_b_ii_int=\count137
\l_fp_mul_b_iii_int=\count138
\l_fp_mul_b_iv_int=\count139
\l_fp_mul_b_v_int=\count140
\l_fp_mul_b_vi_int=\count141
\l_fp_mul_output_int=\count142
\l_fp_output_sign_int=\count143
\l_fp_output_integer_int=\count144
\l_fp_output_decimal_int=\count145
\l_fp_output_exponent_int=\count146
\l_fp_output_extended_int=\count147
\l_fp_round_position_int=\count148
\l_fp_round_target_int=\count149
\l_fp_split_sign_int=\count150
\l_fp_tmp_int=\count151
\l_fp_trig_octant_int=\count152
\l_fp_trig_sign_int=\count153
\l_fp_trig_decimal_int=\count154
\l_fp_trig_extended_int=\count155
\l_fp_tmp_dim=\dimen109
\l_fp_tmp_skip=\skip48
)
(c:/Program Files (x86)/XLingPaper/XeLaTeX/texmf-dist/tex/latex/expl3/l3luatex.
sty
Package: l3luatex 2010/07/18 v1985 L3 Experimental LuaTeX functions
\g_cctab_allocate_int=\count156
\g_cctab_stack_int=\count157
)
(c:/Program Files (x86)/XLingPaper/XeLaTeX/texmf-dist/tex/latex/tools/calc.sty
Package: calc 2007/08/22 v4.3 Infix arithmetic (KKT,FJ)
\calc@Acount=\count158
\calc@Bcount=\count159
\calc@Adimen=\dimen110
\calc@Bdimen=\dimen111
\calc@Askip=\skip49
\calc@Bskip=\skip50
LaTeX Info: Redefining \setlength on input line 76.
LaTeX Info: Redefining \addtolength on input line 77.
\calc@Ccount=\count160
\calc@Cskip=\skip51
))
\c_xparse_shorthands_prop=\toks35
\l_xparse_m_args_int=\count161
\l_xparse_mandatory_args_int=\count162
\l_xparse_processor_int=\count163
\l_xparse_total_args_int=\count164
)
(c:/Program Files (x86)/XLingPaper/XeLaTeX/texmf-dist/tex/latex/etoolbox/etoolb
ox.sty
Package: etoolbox 2011/01/03 v2.1 e-TeX tools for LaTeX
\etb@tempcnta=\count165
)
(c:/Program Files (x86)/XLingPaper/XeLaTeX/texmf-dist/tex/latex/oberdiek/zref-a
bspage.sty
Package: zref-abspage 2010/05/01 v2.17 Module abspage for zref (HO)

(c:/Program Files (x86)/XLingPaper/XeLaTeX/texmf-dist/tex/latex/oberdiek/zref-b
ase.sty
Package: zref-base 2010/05/01 v2.17 Module base for zref (HO)

(c:/Program Files (x86)/XLingPaper/XeLaTeX/texmf-dist/tex/generic/oberdiek/ltxc
mds.sty
Package: ltxcmds 2010/04/26 v1.7 LaTeX kernel commands for general use (HO)
)
(c:/Program Files (x86)/XLingPaper/XeLaTeX/texmf-dist/tex/latex/oberdiek/auxhoo
k.sty
Package: auxhook 2009/12/14 v1.2 Hooks for auxiliary files (HO)
)
Package zref Info: New property list: main on input line 525.
Package zref Info: New property: default on input line 526.
Package zref Info: New property: page on input line 527.
)
(c:/Program Files (x86)/XLingPaper/XeLaTeX/texmf-dist/tex/generic/oberdiek/atbe
gshi.sty
Package: atbegshi 2010/03/25 v1.12 At begin shipout hook (HO)

(c:/Program Files (x86)/XLingPaper/XeLaTeX/texmf-dist/tex/generic/oberdiek/ifpd
f.sty
Package: ifpdf 2010/01/28 v2.1 Provides the ifpdf switch (HO)
Package ifpdf Info: pdfTeX in pdf mode not detected.
))
\c@abspage=\count166
Package zref Info: New property: abspage on input line 59.
)
(c:/Program Files (x86)/XLingPaper/XeLaTeX/texmf-dist/tex/latex/graphics/color.
sty
Package: color 2005/11/14 v1.0j Standard LaTeX Color (DPC)

(c:/Program Files (x86)/XLingPaper/XeLaTeX/texmf-dist/tex/latex/latexconfig/col
or.cfg
File: color.cfg 2007/01/18 v1.5 color configuration of teTeX/TeXLive
)
Package color Info: Driver file: xetex.def on input line 130.

(c:/Program Files (x86)/XLingPaper/XeLaTeX/texmf-dist/tex/xelatex/xetex-def/xet
ex.def
File: xetex.def 2009/11/22 v0.94 LaTeX color/graphics driver for XeTeX (RRM/JK)

))
\mdf@templength=\skip52
\c@mdf@globalstyle@cnt=\count167
\mdf@skipabove@length=\skip53
\mdf@skipbelow@length=\skip54
\mdf@leftmargin@length=\skip55
\mdf@rightmargin@length=\skip56
\mdf@innerleftmargin@length=\skip57
\mdf@innerrightmargin@length=\skip58
\mdf@innertopmargin@length=\skip59
\mdf@innerbottommargin@length=\skip60
\mdf@splittopskip@length=\skip61
\mdf@splitbottomskip@length=\skip62
\mdf@outermargin@length=\skip63
\mdf@innermargin@length=\skip64
\mdf@linewidth@length=\skip65
\mdf@innerlinewidth@length=\skip66
\mdf@middlelinewidth@length=\skip67
\mdf@outerlinewidth@length=\skip68
\mdf@roundcorner@length=\skip69
\mdf@footenotedistance@length=\skip70
\mdf@userdefinedwidth@length=\skip71
\mdf@frametitleaboveskip@length=\skip72
\mdf@frametitlebelowskip@length=\skip73
\mdf@frametitlerulewidth@length=\skip74
\mdf@frametitleleftmargin@length=\skip75
\mdf@frametitlerightmargin@length=\skip76
\mdf@shadowsize@length=\skip77

(c:/Program Files (x86)/XLingPaper/XeLaTeX/texmf-dist/tex/latex/pgf/frontendlay
er/tikz.sty
(c:/Program Files (x86)/XLingPaper/XeLaTeX/texmf-dist/tex/latex/pgf/basiclayer/
pgf.sty
(c:/Program Files (x86)/XLingPaper/XeLaTeX/texmf-dist/tex/latex/pgf/utilities/p
gfrcs.sty
(c:/Program Files (x86)/XLingPaper/XeLaTeX/texmf-dist/tex/generic/pgf/utilities
/pgfutil-common.tex
\pgfutil@everybye=\toks36
)
(c:/Program Files (x86)/XLingPaper/XeLaTeX/texmf-dist/tex/generic/pgf/utilities
/pgfutil-latex.def
\pgfutil@abb=\box27

(c:/Program Files (x86)/XLingPaper/XeLaTeX/texmf-dist/tex/latex/ms/everyshi.sty
Package: everyshi 2001/05/15 v3.00 EveryShipout Package (MS)
))
(c:/Program Files (x86)/XLingPaper/XeLaTeX/texmf-dist/tex/generic/pgf/utilities
/pgfrcs.code.tex
Package: pgfrcs 2010/10/25 v2.10 (rcs-revision 1.24)
))
Package: pgf 2008/01/15 v2.10 (rcs-revision 1.12)

(c:/Program Files (x86)/XLingPaper/XeLaTeX/texmf-dist/tex/latex/pgf/basiclayer/
pgfcore.sty
(c:/Program Files (x86)/XLingPaper/XeLaTeX/texmf-dist/tex/latex/graphics/graphi
cx.sty
Package: graphicx 1999/02/16 v1.0f Enhanced LaTeX Graphics (DPC,SPQR)

(c:/Program Files (x86)/XLingPaper/XeLaTeX/texmf-dist/tex/latex/graphics/graphi
cs.sty
Package: graphics 2009/02/05 v1.0o Standard LaTeX Graphics (DPC,SPQR)

(c:/Program Files (x86)/XLingPaper/XeLaTeX/texmf-dist/tex/latex/graphics/trig.s
ty
Package: trig 1999/03/16 v1.09 sin cos tan (DPC)
)
(c:/Program Files (x86)/XLingPaper/XeLaTeX/texmf-dist/tex/latex/latexconfig/gra
phics.cfg
File: graphics.cfg 2010/04/23 v1.9 graphics configuration of TeX Live
)
Package graphics Info: Driver file: xetex.def on input line 91.
)
\Gin@req@height=\dimen112
\Gin@req@width=\dimen113
)
(c:/Program Files (x86)/XLingPaper/XeLaTeX/texmf-dist/tex/latex/pgf/systemlayer
/pgfsys.sty
(c:/Program Files (x86)/XLingPaper/XeLaTeX/texmf-dist/tex/generic/pgf/systemlay
er/pgfsys.code.tex
Package: pgfsys 2010/06/30 v2.10 (rcs-revision 1.37)

(c:/Program Files (x86)/XLingPaper/XeLaTeX/texmf-dist/tex/generic/pgf/utilities
/pgfkeys.code.tex
\pgfkeys@pathtoks=\toks37
\pgfkeys@temptoks=\toks38

(c:/Program Files (x86)/XLingPaper/XeLaTeX/texmf-dist/tex/generic/pgf/utilities
/pgfkeysfiltered.code.tex
\pgfkeys@tmptoks=\toks39
))
\pgf@x=\dimen114
\pgf@y=\dimen115
\pgf@xa=\dimen116
\pgf@ya=\dimen117
\pgf@xb=\dimen118
\pgf@yb=\dimen119
\pgf@xc=\dimen120
\pgf@yc=\dimen121
\w@pgf@writea=\write3
\r@pgf@reada=\read1
\c@pgf@counta=\count168
\c@pgf@countb=\count169
\c@pgf@countc=\count170
\c@pgf@countd=\count171

(c:/Program Files (x86)/XLingPaper/XeLaTeX/texmf-dist/tex/generic/pgf/systemlay
er/pgf.cfg
File: pgf.cfg 2008/05/14  (rcs-revision 1.7)
)
Package pgfsys Info: Driver file for pgf: pgfsys-xetex.def on input line 900.

(c:/Program Files (x86)/XLingPaper/XeLaTeX/texmf-dist/tex/generic/pgf/systemlay
er/pgfsys-xetex.def
File: pgfsys-xetex.def 2010/02/16  (rcs-revision 1.3)

(c:/Program Files (x86)/XLingPaper/XeLaTeX/texmf-dist/tex/generic/pgf/systemlay
er/pgfsys-common-pdf.def
File: pgfsys-common-pdf.def 2008/05/19  (rcs-revision 1.10)
)
(c:/Program Files (x86)/XLingPaper/XeLaTeX/texmf-dist/tex/generic/pgf/systemlay
er/pgfsys-common-pdf-via-dvi.def
File: pgfsys-common-pdf-via-dvi.def 2008/05/19  (rcs-revision 1.7)
)))
(c:/Program Files (x86)/XLingPaper/XeLaTeX/texmf-dist/tex/generic/pgf/systemlay
er/pgfsyssoftpath.code.tex
File: pgfsyssoftpath.code.tex 2008/07/18  (rcs-revision 1.7)
\pgfsyssoftpath@smallbuffer@items=\count172
\pgfsyssoftpath@bigbuffer@items=\count173
)
(c:/Program Files (x86)/XLingPaper/XeLaTeX/texmf-dist/tex/generic/pgf/systemlay
er/pgfsysprotocol.code.tex
File: pgfsysprotocol.code.tex 2006/10/16  (rcs-revision 1.4)
))
(c:/Program Files (x86)/XLingPaper/XeLaTeX/texmf-dist/tex/latex/xcolor/xcolor.s
ty
Package: xcolor 2007/01/21 v2.11 LaTeX color extensions (UK)

(c:/Program Files (x86)/XLingPaper/XeLaTeX/texmf-dist/tex/latex/latexconfig/col
or.cfg
File: color.cfg 2007/01/18 v1.5 color configuration of teTeX/TeXLive
)
Package xcolor Info: Driver file: xetex.def on input line 225.
LaTeX Info: Redefining \color on input line 702.
Package xcolor Info: Model `cmy' substituted by `cmy0' on input line 1337.
Package xcolor Info: Model `RGB' extended on input line 1353.
Package xcolor Info: Model `HTML' substituted by `rgb' on input line 1355.
Package xcolor Info: Model `Hsb' substituted by `hsb' on input line 1356.
Package xcolor Info: Model `tHsb' substituted by `hsb' on input line 1357.
Package xcolor Info: Model `HSB' substituted by `hsb' on input line 1358.
Package xcolor Info: Model `Gray' substituted by `gray' on input line 1359.
Package xcolor Info: Model `wave' substituted by `hsb' on input line 1360.
)
(c:/Program Files (x86)/XLingPaper/XeLaTeX/texmf-dist/tex/generic/pgf/basiclaye
r/pgfcore.code.tex
Package: pgfcore 2010/04/11 v2.10 (rcs-revision 1.7)

(c:/Program Files (x86)/XLingPaper/XeLaTeX/texmf-dist/tex/generic/pgf/math/pgfm
ath.code.tex
(c:/Program Files (x86)/XLingPaper/XeLaTeX/texmf-dist/tex/generic/pgf/math/pgfm
athcalc.code.tex
(c:/Program Files (x86)/XLingPaper/XeLaTeX/texmf-dist/tex/generic/pgf/math/pgfm
athutil.code.tex)
(c:/Program Files (x86)/XLingPaper/XeLaTeX/texmf-dist/tex/generic/pgf/math/pgfm
athparser.code.tex
\pgfmath@dimen=\dimen122
\pgfmath@count=\count174
\pgfmath@box=\box28
\pgfmath@toks=\toks40
\pgfmath@stack@operand=\toks41
\pgfmath@stack@operation=\toks42
)
(c:/Program Files (x86)/XLingPaper/XeLaTeX/texmf-dist/tex/generic/pgf/math/pgfm
athfunctions.code.tex
(c:/Program Files (x86)/XLingPaper/XeLaTeX/texmf-dist/tex/generic/pgf/math/pgfm
athfunctions.basic.code.tex)
(c:/Program Files (x86)/XLingPaper/XeLaTeX/texmf-dist/tex/generic/pgf/math/pgfm
athfunctions.trigonometric.code.tex)
(c:/Program Files (x86)/XLingPaper/XeLaTeX/texmf-dist/tex/generic/pgf/math/pgfm
athfunctions.random.code.tex)
(c:/Program Files (x86)/XLingPaper/XeLaTeX/texmf-dist/tex/generic/pgf/math/pgfm
athfunctions.comparison.code.tex)
(c:/Program Files (x86)/XLingPaper/XeLaTeX/texmf-dist/tex/generic/pgf/math/pgfm
athfunctions.base.code.tex)
(c:/Program Files (x86)/XLingPaper/XeLaTeX/texmf-dist/tex/generic/pgf/math/pgfm
athfunctions.round.code.tex)
(c:/Program Files (x86)/XLingPaper/XeLaTeX/texmf-dist/tex/generic/pgf/math/pgfm
athfunctions.misc.code.tex)))
(c:/Program Files (x86)/XLingPaper/XeLaTeX/texmf-dist/tex/generic/pgf/math/pgfm
athfloat.code.tex
\c@pgfmathroundto@lastzeros=\count175
))
(c:/Program Files (x86)/XLingPaper/XeLaTeX/texmf-dist/tex/generic/pgf/basiclaye
r/pgfcorepoints.code.tex
File: pgfcorepoints.code.tex 2010/04/09  (rcs-revision 1.20)
\pgf@picminx=\dimen123
\pgf@picmaxx=\dimen124
\pgf@picminy=\dimen125
\pgf@picmaxy=\dimen126
\pgf@pathminx=\dimen127
\pgf@pathmaxx=\dimen128
\pgf@pathminy=\dimen129
\pgf@pathmaxy=\dimen130
\pgf@xx=\dimen131
\pgf@xy=\dimen132
\pgf@yx=\dimen133
\pgf@yy=\dimen134
\pgf@zx=\dimen135
\pgf@zy=\dimen136
)
(c:/Program Files (x86)/XLingPaper/XeLaTeX/texmf-dist/tex/generic/pgf/basiclaye
r/pgfcorepathconstruct.code.tex
File: pgfcorepathconstruct.code.tex 2010/08/03  (rcs-revision 1.24)
\pgf@path@lastx=\dimen137
\pgf@path@lasty=\dimen138
)
(c:/Program Files (x86)/XLingPaper/XeLaTeX/texmf-dist/tex/generic/pgf/basiclaye
r/pgfcorepathusage.code.tex
File: pgfcorepathusage.code.tex 2008/04/22  (rcs-revision 1.12)
\pgf@shorten@end@additional=\dimen139
\pgf@shorten@start@additional=\dimen140
)
(c:/Program Files (x86)/XLingPaper/XeLaTeX/texmf-dist/tex/generic/pgf/basiclaye
r/pgfcorescopes.code.tex
File: pgfcorescopes.code.tex 2010/09/08  (rcs-revision 1.34)
\pgfpic=\box29
\pgf@hbox=\box30
\pgf@layerbox@main=\box31
\pgf@picture@serial@count=\count176
)
(c:/Program Files (x86)/XLingPaper/XeLaTeX/texmf-dist/tex/generic/pgf/basiclaye
r/pgfcoregraphicstate.code.tex
File: pgfcoregraphicstate.code.tex 2008/04/22  (rcs-revision 1.9)
\pgflinewidth=\dimen141
)
(c:/Program Files (x86)/XLingPaper/XeLaTeX/texmf-dist/tex/generic/pgf/basiclaye
r/pgfcoretransformations.code.tex
File: pgfcoretransformations.code.tex 2009/06/10  (rcs-revision 1.11)
\pgf@pt@x=\dimen142
\pgf@pt@y=\dimen143
\pgf@pt@temp=\dimen144
)
(c:/Program Files (x86)/XLingPaper/XeLaTeX/texmf-dist/tex/generic/pgf/basiclaye
r/pgfcorequick.code.tex
File: pgfcorequick.code.tex 2008/10/09  (rcs-revision 1.3)
)
(c:/Program Files (x86)/XLingPaper/XeLaTeX/texmf-dist/tex/generic/pgf/basiclaye
r/pgfcoreobjects.code.tex
File: pgfcoreobjects.code.tex 2006/10/11  (rcs-revision 1.2)
)
(c:/Program Files (x86)/XLingPaper/XeLaTeX/texmf-dist/tex/generic/pgf/basiclaye
r/pgfcorepathprocessing.code.tex
File: pgfcorepathprocessing.code.tex 2008/10/09  (rcs-revision 1.8)
)
(c:/Program Files (x86)/XLingPaper/XeLaTeX/texmf-dist/tex/generic/pgf/basiclaye
r/pgfcorearrows.code.tex
File: pgfcorearrows.code.tex 2008/04/23  (rcs-revision 1.11)
)
(c:/Program Files (x86)/XLingPaper/XeLaTeX/texmf-dist/tex/generic/pgf/basiclaye
r/pgfcoreshade.code.tex
File: pgfcoreshade.code.tex 2008/11/23  (rcs-revision 1.13)
\pgf@max=\dimen145
\pgf@sys@shading@range@num=\count177
)
(c:/Program Files (x86)/XLingPaper/XeLaTeX/texmf-dist/tex/generic/pgf/basiclaye
r/pgfcoreimage.code.tex
File: pgfcoreimage.code.tex 2010/03/25  (rcs-revision 1.16)

(c:/Program Files (x86)/XLingPaper/XeLaTeX/texmf-dist/tex/generic/pgf/basiclaye
r/pgfcoreexternal.code.tex
File: pgfcoreexternal.code.tex 2010/09/01  (rcs-revision 1.17)
\pgfexternal@startupbox=\box32
))
(c:/Program Files (x86)/XLingPaper/XeLaTeX/texmf-dist/tex/generic/pgf/basiclaye
r/pgfcorelayers.code.tex
File: pgfcorelayers.code.tex 2010/08/27  (rcs-revision 1.2)
)
(c:/Program Files (x86)/XLingPaper/XeLaTeX/texmf-dist/tex/generic/pgf/basiclaye
r/pgfcoretransparency.code.tex
File: pgfcoretransparency.code.tex 2008/01/17  (rcs-revision 1.2)
)
(c:/Program Files (x86)/XLingPaper/XeLaTeX/texmf-dist/tex/generic/pgf/basiclaye
r/pgfcorepatterns.code.tex
File: pgfcorepatterns.code.tex 2009/07/02  (rcs-revision 1.3)
)))
(c:/Program Files (x86)/XLingPaper/XeLaTeX/texmf-dist/tex/generic/pgf/modules/p
gfmoduleshapes.code.tex
File: pgfmoduleshapes.code.tex 2010/09/09  (rcs-revision 1.13)
\pgfnodeparttextbox=\box33
)
(c:/Program Files (x86)/XLingPaper/XeLaTeX/texmf-dist/tex/generic/pgf/modules/p
gfmoduleplot.code.tex
File: pgfmoduleplot.code.tex 2010/10/22  (rcs-revision 1.8)
)
(c:/Program Files (x86)/XLingPaper/XeLaTeX/texmf-dist/tex/latex/pgf/compatibili
ty/pgfcomp-version-0-65.sty
Package: pgfcomp-version-0-65 2007/07/03 v2.10 (rcs-revision 1.7)
\pgf@nodesepstart=\dimen146
\pgf@nodesepend=\dimen147
)
(c:/Program Files (x86)/XLingPaper/XeLaTeX/texmf-dist/tex/latex/pgf/compatibili
ty/pgfcomp-version-1-18.sty
Package: pgfcomp-version-1-18 2007/07/23 v2.10 (rcs-revision 1.1)
))
(c:/Program Files (x86)/XLingPaper/XeLaTeX/texmf-dist/tex/latex/pgf/utilities/p
gffor.sty
(c:/Program Files (x86)/XLingPaper/XeLaTeX/texmf-dist/tex/latex/pgf/utilities/p
gfkeys.sty
(c:/Program Files (x86)/XLingPaper/XeLaTeX/texmf-dist/tex/generic/pgf/utilities
/pgfkeys.code.tex))
(c:/Program Files (x86)/XLingPaper/XeLaTeX/texmf-dist/tex/generic/pgf/utilities
/pgffor.code.tex
Package: pgffor 2010/03/23 v2.10 (rcs-revision 1.18)
\pgffor@iter=\dimen148
\pgffor@skip=\dimen149
\pgffor@stack=\toks43
\pgffor@toks=\toks44
))
(c:/Program Files (x86)/XLingPaper/XeLaTeX/texmf-dist/tex/generic/pgf/frontendl
ayer/tikz/tikz.code.tex
Package: tikz 2010/10/13 v2.10 (rcs-revision 1.76)

(c:/Program Files (x86)/XLingPaper/XeLaTeX/texmf-dist/tex/generic/pgf/libraries
/pgflibraryplothandlers.code.tex
File: pgflibraryplothandlers.code.tex 2010/05/31 v2.10 (rcs-revision 1.15)
\pgf@plot@mark@count=\count178
\pgfplotmarksize=\dimen150
)
\tikz@lastx=\dimen151
\tikz@lasty=\dimen152
\tikz@lastxsaved=\dimen153
\tikz@lastysaved=\dimen154
\tikzleveldistance=\dimen155
\tikzsiblingdistance=\dimen156
\tikz@figbox=\box34
\tikz@tempbox=\box35
\tikztreelevel=\count179
\tikznumberofchildren=\count180
\tikznumberofcurrentchild=\count181
\tikz@fig@count=\count182

(c:/Program Files (x86)/XLingPaper/XeLaTeX/texmf-dist/tex/generic/pgf/modules/p
gfmodulematrix.code.tex
File: pgfmodulematrix.code.tex 2010/08/24  (rcs-revision 1.4)
\pgfmatrixcurrentrow=\count183
\pgfmatrixcurrentcolumn=\count184
\pgf@matrix@numberofcolumns=\count185
)
\tikz@expandcount=\count186

(c:/Program Files (x86)/XLingPaper/XeLaTeX/texmf-dist/tex/generic/pgf/frontendl
ayer/tikz/libraries/tikzlibrarytopaths.code.tex
File: tikzlibrarytopaths.code.tex 2008/06/17 v2.10 (rcs-revision 1.2)
)))
\mdf@frametitlebox=\box36
\mdf@footnotebox=\box37
\mdf@splitbox@one=\box38
\mdf@splitbox@two=\box39
\mdfsplitboxwidth=\skip78
\mdfsplitboxtotalwidth=\skip79
\mdfsplitboxheight=\skip80
\mdfsplitboxdepth=\skip81
\mdfsplitboxtotalheight=\skip82
\mdfframetitleboxwidth=\skip83
\mdfframetitleboxtotalwidth=\skip84
\mdfframetitleboxheight=\skip85
\mdfframetitleboxdepth=\skip86
\mdfframetitleboxtotalheight=\skip87
\mdffootnoteboxwidth=\skip88
\mdffootnoteboxtotalwidth=\skip89
\mdffootnoteboxheight=\skip90
\mdffootnoteboxdepth=\skip91
\mdffootnoteboxtotalheight=\skip92
\mdftotallinewidth=\skip93
\mdfboundingboxwidth=\skip94
\mdfboundingboxtotalwidth=\skip95
\mdfboundingboxheight=\skip96
\mdfboundingboxdepth=\skip97
\mdfboundingboxtotalheight=\skip98
\mdf@freevspace@length=\skip99
\mdf@horizontalwidthofbox@length=\skip100
\mdf@verticalmarginwhole@length=\skip101
 LaTeX info: Defining document command \newmdtheoremenv
(LaTeX)  with arg. spec. 'O{} m o m o ' on line 501.

 LaTeX info: Defining document command \mdtheorem
(LaTeX)  with arg. spec. ' O{} m o m o ' on line 581.


(c:/Program Files (x86)/XLingPaper/XeLaTeX/texmf-dist/tex/latex/mdframed/md-fra
me-1.mdf
File: md-frame-1.mdf 2012/04/08  v1.5: md-frame-1
)
\c@mdf@zref@counter=\count187
Package zref Info: New property: mdf@pagevalue on input line 782.
\mdf@horizontalspaceofbox=\skip102
)
(c:/Program Files (x86)/XLingPaper/XeLaTeX/texmf-dist/tex/latex/xltxtra/xltxtra
.sty
Package: xltxtra 2010/09/20 v0.5e Improvements for the "XeLaTeX" format

(c:/Program Files (x86)/XLingPaper/XeLaTeX/texmf-dist/tex/generic/oberdiek/iflu
atex.sty
Package: ifluatex 2010/03/01 v1.3 Provides the ifluatex switch (HO)
Package ifluatex Info: LuaTeX not detected.
)
(c:/Program Files (x86)/XLingPaper/XeLaTeX/texmf-dist/tex/generic/ifxetex/ifxet
ex.sty
Package: ifxetex 2010/09/12 v0.6 Provides ifxetex conditional
)
(c:/Program Files (x86)/XLingPaper/XeLaTeX/texmf-dist/tex/latex/fontspec/fontsp
ec.sty
Package: fontspec 2010/11/07 v2.1d Advanced font selection for XeLaTeX/LuaLaTeX


(c:/Program Files (x86)/XLingPaper/XeLaTeX/texmf-dist/tex/generic/kastrup/binhe
x.tex)
\l_fontspec_script_int=\count188
\l_fontspec_language_int=\count189
\l_fontspec_strnum_int=\count190
Variant \tl_gset:cV already defined; not changing it on line 79

(c:/Program Files (x86)/XLingPaper/XeLaTeX/texmf-dist/tex/latex/xkeyval/xkeyval
.sty
Package: xkeyval 2008/08/13 v2.6a package option processing (HA)

(c:/Program Files (x86)/XLingPaper/XeLaTeX/texmf-dist/tex/generic/xkeyval/xkeyv
al.tex
\XKV@toks=\toks45
\XKV@tempa@toks=\toks46
\XKV@depth=\count191
File: xkeyval.tex 2008/08/13 v2.6a key=value parser (HA)
))
(c:/Program Files (x86)/XLingPaper/XeLaTeX/texmf-dist/tex/latex/fontspec/fontsp
ec-patches.sty
Package: fontspec-patches 2010/11/07 v2.1d Advanced font selection for XeLaTeX/
LuaLaTeX

(c:/Program Files (x86)/XLingPaper/XeLaTeX/texmf-dist/tex/latex/base/fixltx2e.s
ty
Package: fixltx2e 2006/09/13 v1.1m fixes to LaTeX
LaTeX Info: Redefining \em on input line 420.
)
LaTeX Info: Redefining \em on input line 22.
LaTeX Info: Redefining \emph on input line 29.
LaTeX Info: Redefining \- on input line 32.
)
(c:/Program Files (x86)/XLingPaper/XeLaTeX/texmf-dist/tex/latex/base/fontenc.st
y
Package: fontenc 2005/09/27 v1.99g Standard LaTeX package

(c:/Program Files (x86)/XLingPaper/XeLaTeX/texmf-dist/tex/latex/euenc/eu1enc.de
f
File: eu1enc.def 2010/05/27 v0.1h Experimental Unicode font encodings
)
LaTeX Font Info:    Try loading font information for EU1+lmr on input line 100.


(c:/Program Files (x86)/XLingPaper/XeLaTeX/texmf-dist/tex/latex/euenc/eu1lmr.fd
File: eu1lmr.fd 2009/10/30 v1.6 Font defs for Latin Modern
))
(c:/Program Files (x86)/XLingPaper/XeLaTeX/texmf-dist/tex/xelatex/xunicode/xuni
code.sty
File: xunicode.sty 2010/05/18 v0.95 provides access to latin accents and many o
ther characters in Unicode lower plane
)
 LaTeX info: Defining document command \fontspec
(LaTeX)  with arg. spec. 'O{}m' on line 322.

 LaTeX info: Defining document command \setmainfont
(LaTeX)  with arg. spec. 'O{}m' on line 326.

 LaTeX info: Defining document command \setsansfont
(LaTeX)  with arg. spec. 'O{}m' on line 330.

 LaTeX info: Defining document command \setmonofont
(LaTeX)  with arg. spec. 'O{}m' on line 334.

 LaTeX info: Defining document command \setmathrm
(LaTeX)  with arg. spec. 'O{}m' on line 338.

 LaTeX info: Defining document command \setboldmathrm
(LaTeX)  with arg. spec. 'O{}m' on line 341.

 LaTeX info: Defining document command \setmathsf
(LaTeX)  with arg. spec. 'O{}m' on line 344.

 LaTeX info: Defining document command \setmathtt
(LaTeX)  with arg. spec. 'O{}m' on line 347.

 LaTeX info: Defining document command \newfontfamily
(LaTeX)  with arg. spec. 'mO{}m' on line 364.

 LaTeX info: Defining document command \newfontface
(LaTeX)  with arg. spec. 'mO{}m' on line 367.

 LaTeX info: Defining document command \defaultfontfeatures
(LaTeX)  with arg. spec. 'm' on line 370.

 LaTeX info: Defining document command \addfontfeatures
(LaTeX)  with arg. spec. 'm' on line 387.

 LaTeX info: Defining document command \newfontfeature
(LaTeX)  with arg. spec. 'mm' on line 394.

 LaTeX info: Defining document command \newAATfeature
(LaTeX)  with arg. spec. 'mmmm' on line 403.

 LaTeX info: Defining document command \newICUfeature
(LaTeX)  with arg. spec. 'mmm' on line 412.

 LaTeX info: Defining document command \aliasfontfeature
(LaTeX)  with arg. spec. 'mm' on line 414.

 LaTeX info: Defining document command \aliasfontfeatureoption
(LaTeX)  with arg. spec. 'mmm' on line 417.

 LaTeX info: Defining document command \newfontscript
(LaTeX)  with arg. spec. 'mm' on line 422.

 LaTeX info: Defining document command \newfontlanguage
(LaTeX)  with arg. spec. 'mm' on line 444.

 LaTeX info: Defining document command \DeclareFontsExtensions
(LaTeX)  with arg. spec. 'm' on line 461.

\c@fontspec_tmp_int=\count192
LaTeX Info: Redefining \itshape on input line 2071.
LaTeX Info: Redefining \slshape on input line 2075.
LaTeX Info: Redefining \scshape on input line 2079.
LaTeX Info: Redefining \upshape on input line 2083.

(c:/Program Files (x86)/XLingPaper/XeLaTeX/texmf-dist/tex/latex/fontspec/fontsp
ec.cfg))
(c:/Program Files (x86)/XLingPaper/XeLaTeX/texmf-dist/tex/latex/realscripts/rea
lscripts.sty
Package: realscripts 2010/09/30 v0.3 Access OpenType subscripts and superscript
s
 LaTeX info: Defining document command \fakesubscript
(LaTeX)  with arg. spec. 'm' on line 19.

 LaTeX info: Defining document command \fakesuperscript
(LaTeX)  with arg. spec. 'm' on line 22.

 LaTeX info: Redefining document command \textsubscript
(LaTeX)  with arg. spec. 's' on line 25.

 LaTeX info: Redefining document command \textsuperscript
(LaTeX)  with arg. spec. 's' on line 28.

 LaTeX info: Defining document command \realsubscript
(LaTeX)  with arg. spec. 'm' on line 45.

 LaTeX info: Defining document command \realsuperscript
(LaTeX)  with arg. spec. 'm' on line 60.

 LaTeX info: Defining document command \textsubsuperscript
(LaTeX)  with arg. spec. 'sO{l}mm' on line 137.

 LaTeX info: Defining document command \textsupersubscript
(LaTeX)  with arg. spec. 'sO{l}mm' on line 140.

\subsupersep=\dimen157
)
(c:/Program Files (x86)/XLingPaper/XeLaTeX/texmf-dist/tex/latex/metalogo/metalo
go.sty
Package: metalogo 2010/05/29 v0.12 Extended TeX logo macros
\xl@everylogo=\toks47
\xl@@everylogo=\toks48
LaTeX Info: Redefining \TeX on input line 193.
LaTeX Info: Redefining \LaTeX on input line 202.
LaTeX Info: Redefining \LaTeXe on input line 219.
)
\xxt@tempbox=\box40
)
(c:/Program Files (x86)/XLingPaper/XeLaTeX/texmf-dist/tex/latex/setspace/setspa
ce.sty
Package: setspace 2000/12/01 6.7 Contributed and Supported LaTeX2e package

Package: `setspace' 6.7 <2000/12/01>
)
(c:/Program Files (x86)/XLingPaper/XeLaTeX/texmf-dist/tex/generic/ulem/ulem.sty
\UL@box=\box41
\UL@hyphenbox=\box42
\UL@skip=\skip103
\UL@hook=\toks49
\UL@pe=\count193
\UL@pixel=\dimen158
\ULC@box=\box43
Package: ulem 2010/10/03
\ULdepth=\dimen159
)
(c:/Program Files (x86)/XLingPaper/XeLaTeX/texmf-dist/tex/latex/colortbl/colort
bl.sty
Package: colortbl 2001/02/13 v0.1j Color table columns (DPC)

(c:/Program Files (x86)/XLingPaper/XeLaTeX/texmf-dist/tex/latex/tools/array.sty
Package: array 2008/09/09 v2.4c Tabular extension package (FMi)
\col@sep=\dimen160
\extrarowheight=\dimen161
\NC@list=\toks50
\extratabsurround=\skip104
\backup@length=\skip105
)
\everycr=\toks51
\minrowclearance=\skip106
)
(c:/Program Files (x86)/XLingPaper/XeLaTeX/texmf-dist/tex/latex/tools/tabularx.
sty
Package: tabularx 1999/01/07 v2.07 `tabularx' package (DPC)
\TX@col@width=\dimen162
\TX@old@table=\dimen163
\TX@old@col=\dimen164
\TX@target=\dimen165
\TX@delta=\dimen166
\TX@cols=\count194
\TX@ftn=\toks52
)
(c:/Program Files (x86)/XLingPaper/XeLaTeX/texmf-dist/tex/latex/tools/longtable
.sty
Package: longtable 2004/02/01 v4.11 Multi-page Table package (DPC)
\LTleft=\skip107
\LTright=\skip108
\LTpre=\skip109
\LTpost=\skip110
\LTchunksize=\count195
\LTcapwidth=\dimen167
\LT@head=\box44
\LT@firsthead=\box45
\LT@foot=\box46
\LT@lastfoot=\box47
\LT@cols=\count196
\LT@rows=\count197
\c@LT@tables=\count198
\c@LT@chunks=\count199
\LT@p@ftn=\toks53
)
(c:/Program Files (x86)/XLingPaper/XeLaTeX/texmf-dist/tex/latex/multirow/multir
ow.sty
\bigstrutjot=\dimen168
)
(c:/Program Files (x86)/XLingPaper/XeLaTeX/texmf-dist/tex/latex/booktabs/bookta
bs.sty
Package: booktabs 2005/04/14 v1.61803 publication quality tables
\heavyrulewidth=\dimen169
\lightrulewidth=\dimen170
\cmidrulewidth=\dimen171
\belowrulesep=\dimen172
\belowbottomsep=\dimen173
\aboverulesep=\dimen174
\abovetopsep=\dimen175
\cmidrulesep=\dimen176
\cmidrulekern=\dimen177
\defaultaddspace=\dimen178
\@cmidla=\count200
\@cmidlb=\count201
\@aboverulesep=\dimen179
\@belowrulesep=\dimen180
Normal \count register pool exhausted, switching to extended pool.
\@thisruleclass=\count277
\@lastruleclass=\count278
\@thisrulewidth=\dimen181
)
(c:/Program Files (x86)/XLingPaper/XeLaTeX/texmf-dist/tex/latex/fancyhdr/fancyh
dr.sty
\fancy@headwidth=\skip111
\f@ncyO@elh=\skip112
\f@ncyO@erh=\skip113
\f@ncyO@olh=\skip114
\f@ncyO@orh=\skip115
\f@ncyO@elf=\skip116
\f@ncyO@erf=\skip117
\f@ncyO@olf=\skip118
\f@ncyO@orf=\skip119
)
(c:/Program Files (x86)/XLingPaper/XeLaTeX/texmf-dist/tex/latex/hyperref/hyperr
ef.sty
Package: hyperref 2010/10/30 v6.81t Hypertext links for LaTeX

(c:/Program Files (x86)/XLingPaper/XeLaTeX/texmf-dist/tex/generic/oberdiek/pdfe
scape.sty
Package: pdfescape 2010/03/01 v1.9 Provides hex, PDF name and string conversion
s (HO)

(c:/Program Files (x86)/XLingPaper/XeLaTeX/texmf-dist/tex/generic/oberdiek/pdft
excmds.sty
Package: pdftexcmds 2010/04/01 v0.9 Utility functions of pdfTeX for LuaTeX (HO)

Package pdftexcmds Info: LuaTeX not detected.
Package pdftexcmds Info: pdfTeX >= 1.30 not detected.
Package pdftexcmds Info: \pdf@primitive is available.
Package pdftexcmds Info: \pdf@ifprimitive is available.
))
(c:/Program Files (x86)/XLingPaper/XeLaTeX/texmf-dist/tex/generic/oberdiek/ifvt
ex.sty
Package: ifvtex 2010/03/01 v1.5 Switches for detecting VTeX and its modes (HO)
Package ifvtex Info: VTeX not detected.
)
(c:/Program Files (x86)/XLingPaper/XeLaTeX/texmf-dist/tex/latex/oberdiek/hycolo
r.sty
Package: hycolor 2009/12/12 v1.6 Color options of hyperref/bookmark (HO)

(c:/Program Files (x86)/XLingPaper/XeLaTeX/texmf-dist/tex/latex/oberdiek/xcolor
-patch.sty
Package: xcolor-patch 2009/12/12 xcolor patch
))
(c:/Program Files (x86)/XLingPaper/XeLaTeX/texmf-dist/tex/latex/oberdiek/letltx
macro.sty
Package: letltxmacro 2008/06/24 v1.3 Let assignment for LaTeX macros (HO)
)
\@linkdim=\dimen182
\Hy@linkcounter=\count279
\Hy@pagecounter=\count280

(c:/Program Files (x86)/XLingPaper/XeLaTeX/texmf-dist/tex/latex/hyperref/pd1enc
.def
File: pd1enc.def 2010/10/30 v6.81t Hyperref: PDFDocEncoding definition (HO)
)
(c:/Program Files (x86)/XLingPaper/XeLaTeX/texmf-dist/tex/generic/oberdiek/intc
alc.sty
Package: intcalc 2007/09/27 v1.1 Expandable integer calculations (HO)
)
\Hy@SavedSpaceFactor=\count281

(c:/Program Files (x86)/XLingPaper/XeLaTeX/texmf-dist/tex/xelatex/xetexconfig/h
yperref.cfg
File: hyperref.cfg 2008/07/11 v1.2 hyperref configuration for XeLaTeX
)
Package hyperref Info: Hyper figures OFF on input line 3976.
Package hyperref Info: Link nesting OFF on input line 3981.
Package hyperref Info: Hyper index ON on input line 3984.
Package hyperref Info: Plain pages OFF on input line 3991.
Package hyperref Info: Backreferencing OFF on input line 3996.
Package hyperref Info: Implicit mode ON; LaTeX internals redefined.
Package hyperref Info: Bookmarks ON on input line 4211.
\c@Hy@tempcnt=\count282

(c:/Program Files (x86)/XLingPaper/XeLaTeX/texmf-dist/tex/latex/url/url.sty
\Urlmuskip=\muskip10
Package: url 2006/04/12  ver 3.3  Verb mode for urls, etc.
)
LaTeX Info: Redefining \url on input line 4566.

(c:/Program Files (x86)/XLingPaper/XeLaTeX/texmf-dist/tex/generic/oberdiek/bits
et.sty
Package: bitset 2007/09/28 v1.0 Data type bit set (HO)

(c:/Program Files (x86)/XLingPaper/XeLaTeX/texmf-dist/tex/generic/oberdiek/bigi
ntcalc.sty
Package: bigintcalc 2007/11/11 v1.1 Expandable big integer calculations (HO)
))
\Fld@menulength=\count283
\Field@Width=\dimen183
\Fld@charsize=\dimen184
Package hyperref Info: Hyper figures OFF on input line 5626.
Package hyperref Info: Link nesting OFF on input line 5631.
Package hyperref Info: Hyper index ON on input line 5634.
Package hyperref Info: backreferencing OFF on input line 5641.
Package hyperref Info: Link coloring OFF on input line 5646.
Package hyperref Info: Link coloring with OCG OFF on input line 5651.
Package hyperref Info: PDF/A mode OFF on input line 5656.
LaTeX Info: Redefining \ref on input line 5696.
LaTeX Info: Redefining \pageref on input line 5700.
\Hy@abspage=\count284
\c@Item=\count285
)

Package hyperref Message: Driver (autodetected): hxetex.


(c:/Program Files (x86)/XLingPaper/XeLaTeX/texmf-dist/tex/latex/hyperref/hxetex
.def
File: hxetex.def 2010/10/30 v6.81t Hyperref driver for XeTeX

(c:/Program Files (x86)/XLingPaper/XeLaTeX/texmf-dist/tex/latex/hyperref/puenc.
def
File: puenc.def 2010/10/30 v6.81t Hyperref: PDF Unicode definition (HO)
)
(c:/Program Files (x86)/XLingPaper/XeLaTeX/texmf-dist/tex/generic/oberdiek/stri
ngenc.sty
Package: stringenc 2010/03/01 v1.8 Converts strings between encodings (HO)
)
\pdfm@box=\box48
\c@Hy@AnnotLevel=\count286
\HyField@AnnotCount=\count287
\Fld@listcount=\count288
\c@bookmark@seq@number=\count289

(c:/Program Files (x86)/XLingPaper/XeLaTeX/texmf-dist/tex/latex/oberdiek/rerunf
ilecheck.sty
Package: rerunfilecheck 2010/03/16 v1.6 Rerun checks for auxiliary files (HO)
Package rerunfilecheck Info: Feature \pdfmdfivesum is not available
(rerunfilecheck)             (e.g. pdfTeX or LuaTeX with package `pdftexcmds').

(rerunfilecheck)             Therefore file contents cannot be checked efficien
tly
(rerunfilecheck)             and the loading of the package is aborted.
)
\Hy@SectionHShift=\skip120
)
Package hyperref Info: Option `colorlinks' set `true' on input line 29.
Package hyperref Info: Option `bookmarksopen' set `true' on input line 29.

(c:/Program Files (x86)/XLingPaper/XeLaTeX/texmf-dist/tex/generic/oberdiek/se-a
scii-print.def
File: se-ascii-print.def 2010/03/01 v1.8 stringenc: Printable ASCII characters
)
\g_fontspec_family_Times New Roman_int=\count290
 fontspec info: Defining font family 'TimesNewRoman(0)' for font 'Times New Rom
an' with options [].

\g_fontspec_TimesNewRoman(0)_prop=\toks54
 fontspec info: Defining shape 'normal' with NFSS spec.:
(fontspec)  <->"Times New Roman/ICU:script=latn;language=DFLT;"

 fontspec info: Defining shape 'small caps' with NFSS spec.:
(fontspec)  <->"Times New Roman/ICU:script=latn;language=DFLT;+smcp;"

 fontspec info: Defining shape 'bold' with NFSS spec.:
(fontspec)  <->"Times New Roman/B/ICU:script=latn;language=DFLT;"

 fontspec info: Defining shape 'bold small caps' with NFSS spec.:
(fontspec)  <->"Times New Roman/B/ICU:script=latn;language=DFLT;+smcp;"

 fontspec info: Defining shape 'italic' with NFSS spec.:
(fontspec)  <->"Times New Roman/I/ICU:script=latn;language=DFLT;"

 fontspec info: Defining shape 'italic small caps' with NFSS spec.:
(fontspec)  <->"Times New Roman/I/ICU:script=latn;language=DFLT;+smcp;"

 fontspec info: Defining shape 'bold italic' with NFSS spec.:
(fontspec)  <->"Times New Roman/BI/ICU:script=latn;language=DFLT;"

 fontspec info: Defining shape 'bold italic small caps' with NFSS spec.:
(fontspec)  <->"Times New Roman/BI/ICU:script=latn;language=DFLT;+smcp;"

\g_fontspec_family_Charis SIL Small Caps_int=\count291
 fontspec info: Defining font family 'CharisSILSmallCaps(0)' for font 'Charis S
IL Small Caps' with options [].

\g_fontspec_CharisSILSmallCaps(0)_prop=\toks55
 fontspec info: Defining shape 'normal' with NFSS spec.:
(fontspec)  <->"Charis SIL Small Caps/ICU:script=latn;language=DFLT;"

 fontspec info: Defining shape 'small caps' with NFSS spec.:
(fontspec)  <->"Charis SIL Small Caps/ICU:script=latn;language=DFLT;+smcp;"

 fontspec info: Defining shape 'bold' with NFSS spec.:
(fontspec)  <->"Charis SIL Small Caps/B/ICU:script=latn;language=DFLT;"

 fontspec info: Defining shape 'bold small caps' with NFSS spec.:
(fontspec)  <->"Charis SIL Small Caps/B/ICU:script=latn;language=DFLT;+smcp;"

 fontspec info: Defining shape 'italic' with NFSS spec.:
(fontspec)  <->"Charis SIL Small Caps/I/ICU:script=latn;language=DFLT;"

 fontspec info: Defining shape 'italic small caps' with NFSS spec.:
(fontspec)  <->"Charis SIL Small Caps/I/ICU:script=latn;language=DFLT;+smcp;"

 fontspec info: Defining shape 'bold italic' with NFSS spec.:
(fontspec)  <->"Charis SIL Small Caps/BI/ICU:script=latn;language=DFLT;"

 fontspec info: Defining shape 'bold italic small caps' with NFSS spec.:
(fontspec)  <->"Charis SIL Small Caps/BI/ICU:script=latn;language=DFLT;+smcp;"

\g_fontspec_family_Courier New_int=\count292
 fontspec info: Defining font family 'CourierNew(0)' for font 'Courier New' wit
h options [].

\g_fontspec_CourierNew(0)_prop=\toks56
 fontspec info: Defining shape 'normal' with NFSS spec.:
(fontspec)  <->"Courier New/ICU:script=latn;language=DFLT;"

 fontspec info: Defining shape 'bold' with NFSS spec.:
(fontspec)  <->"Courier New/B/ICU:script=latn;language=DFLT;"

 fontspec info: Defining shape 'italic' with NFSS spec.:
(fontspec)  <->"Courier New/I/ICU:script=latn;language=DFLT;"

 fontspec info: Defining shape 'bold italic' with NFSS spec.:
(fontspec)  <->"Courier New/BI/ICU:script=latn;language=DFLT;"

 (./SayMore.aux)
\openout1 = `SayMore.aux'.

LaTeX Font Info:    Checking defaults for OML/cmm/m/it on input line 73.
LaTeX Font Info:    ... okay on input line 73.
LaTeX Font Info:    Checking defaults for T1/cmr/m/n on input line 73.
LaTeX Font Info:    ... okay on input line 73.
LaTeX Font Info:    Checking defaults for OT1/cmr/m/n on input line 73.
LaTeX Font Info:    ... okay on input line 73.
LaTeX Font Info:    Checking defaults for OMS/cmsy/m/n on input line 73.
LaTeX Font Info:    ... okay on input line 73.
LaTeX Font Info:    Checking defaults for OMX/cmex/m/n on input line 73.
LaTeX Font Info:    ... okay on input line 73.
LaTeX Font Info:    Checking defaults for U/cmr/m/n on input line 73.
LaTeX Font Info:    ... okay on input line 73.
LaTeX Font Info:    Checking defaults for EU1/lmr/m/n on input line 73.
LaTeX Font Info:    ... okay on input line 73.
LaTeX Font Info:    Checking defaults for PD1/pdf/m/n on input line 73.
LaTeX Font Info:    ... okay on input line 73.
LaTeX Font Info:    Checking defaults for PU/pdf/m/n on input line 73.
LaTeX Font Info:    ... okay on input line 73.
\AtBeginShipoutBox=\box49
 ABD: EveryShipout initializing macros
 fontspec info: Adjusting the maths setup (use [no-math] to avoid this).

\symlegacymaths=\mathgroup4
LaTeX Font Info:    Overwriting symbol font `legacymaths' in version `bold'
(Font)                  OT1/cmr/m/n --> OT1/cmr/bx/n on input line 73.
LaTeX Font Info:    Redeclaring math accent \acute on input line 73.
LaTeX Font Info:    Redeclaring math accent \grave on input line 73.
LaTeX Font Info:    Redeclaring math accent \ddot on input line 73.
LaTeX Font Info:    Redeclaring math accent \tilde on input line 73.
LaTeX Font Info:    Redeclaring math accent \bar on input line 73.
LaTeX Font Info:    Redeclaring math accent \breve on input line 73.
LaTeX Font Info:    Redeclaring math accent \check on input line 73.
LaTeX Font Info:    Redeclaring math accent \hat on input line 73.
LaTeX Font Info:    Redeclaring math accent \dot on input line 73.
LaTeX Font Info:    Redeclaring math accent \mathring on input line 73.
LaTeX Font Info:    Redeclaring math symbol \colon on input line 73.
LaTeX Font Info:    Redeclaring math symbol \Gamma on input line 73.
LaTeX Font Info:    Redeclaring math symbol \Delta on input line 73.
LaTeX Font Info:    Redeclaring math symbol \Theta on input line 73.
LaTeX Font Info:    Redeclaring math symbol \Lambda on input line 73.
LaTeX Font Info:    Redeclaring math symbol \Xi on input line 73.
LaTeX Font Info:    Redeclaring math symbol \Pi on input line 73.
LaTeX Font Info:    Redeclaring math symbol \Sigma on input line 73.
LaTeX Font Info:    Redeclaring math symbol \Upsilon on input line 73.
LaTeX Font Info:    Redeclaring math symbol \Phi on input line 73.
LaTeX Font Info:    Redeclaring math symbol \Psi on input line 73.
LaTeX Font Info:    Redeclaring math symbol \Omega on input line 73.
LaTeX Font Info:    Redeclaring math symbol \mathdollar on input line 73.
LaTeX Font Info:    Redeclaring symbol font `operators' on input line 73.
LaTeX Font Info:    Encoding `OT1' has changed to `EU1' for symbol font
(Font)              `operators' in the math version `normal' on input line 73.
LaTeX Font Info:    Overwriting symbol font `operators' in version `normal'
(Font)                  OT1/cmr/m/n --> EU1/TimesNewRoman(0)/m/n on input line 
73.
LaTeX Font Info:    Encoding `OT1' has changed to `EU1' for symbol font
(Font)              `operators' in the math version `bold' on input line 73.
LaTeX Font Info:    Overwriting symbol font `operators' in version `bold'
(Font)                  OT1/cmr/bx/n --> EU1/TimesNewRoman(0)/m/n on input line
 73.
LaTeX Font Info:    Overwriting symbol font `operators' in version `normal'
(Font)                  EU1/TimesNewRoman(0)/m/n --> EU1/TimesNewRoman(0)/m/n o
n input line 73.
LaTeX Font Info:    Overwriting math alphabet `\mathrm' in version `normal'
(Font)                  EU1/TimesNewRoman(0)/m/n --> EU1/TimesNewRoman(0)/m/n o
n input line 73.
LaTeX Font Info:    Overwriting math alphabet `\mathit' in version `normal'
(Font)                  OT1/cmr/m/it --> EU1/TimesNewRoman(0)/m/it on input lin
e 73.
LaTeX Font Info:    Overwriting math alphabet `\mathbf' in version `normal'
(Font)                  OT1/cmr/bx/n --> EU1/TimesNewRoman(0)/bx/n on input lin
e 73.
LaTeX Font Info:    Overwriting math alphabet `\mathsf' in version `normal'
(Font)                  OT1/cmss/m/n --> EU1/lmss/m/n on input line 73.
LaTeX Font Info:    Overwriting math alphabet `\mathtt' in version `normal'
(Font)                  OT1/cmtt/m/n --> EU1/lmtt/m/n on input line 73.
LaTeX Font Info:    Overwriting symbol font `operators' in version `bold'
(Font)                  EU1/TimesNewRoman(0)/m/n --> EU1/TimesNewRoman(0)/bx/n 
on input line 73.
LaTeX Font Info:    Overwriting math alphabet `\mathrm' in version `bold'
(Font)                  EU1/TimesNewRoman(0)/m/n --> EU1/TimesNewRoman(0)/bx/n 
on input line 73.
LaTeX Font Info:    Overwriting math alphabet `\mathit' in version `bold'
(Font)                  OT1/cmr/bx/it --> EU1/TimesNewRoman(0)/bx/it on input l
ine 73.
LaTeX Font Info:    Overwriting math alphabet `\mathsf' in version `bold'
(Font)                  OT1/cmss/bx/n --> EU1/lmss/bx/n on input line 73.
LaTeX Font Info:    Overwriting math alphabet `\mathtt' in version `bold'
(Font)                  OT1/cmtt/m/n --> EU1/lmtt/bx/n on input line 73.
Package hyperref Info: Link coloring ON on input line 73.

(c:/Program Files (x86)/XLingPaper/XeLaTeX/texmf-dist/tex/latex/hyperref/namere
f.sty
Package: nameref 2010/04/30 v2.40 Cross-referencing by name of section

(c:/Program Files (x86)/XLingPaper/XeLaTeX/texmf-dist/tex/latex/oberdiek/refcou
nt.sty
Package: refcount 2008/08/11 v3.1 Data extraction from references (HO)
)
(c:/Program Files (x86)/XLingPaper/XeLaTeX/texmf-dist/tex/generic/oberdiek/gett
itlestring.sty
Package: gettitlestring 2009/12/18 v1.3 Cleanup title references (HO)
)
\c@section@level=\count293
)
LaTeX Info: Redefining \ref on input line 73.
LaTeX Info: Redefining \pageref on input line 73.
LaTeX Info: Redefining \nameref on input line 73.
 (./SayMore.out) (./SayMore.out)
\@outlinefile=\write4
\openout4 = `SayMore.out'.

\leveloneindent=\skip121
\levelonewidth=\skip122
\leveltwoindent=\skip123
\leveltwowidth=\skip124
\levelthreeindent=\skip125
\levelthreewidth=\skip126
\levelfourindent=\skip127
\levelfourwidth=\skip128
\levelfiveindent=\skip129
\levelfivewidth=\skip130
\levelsixindent=\skip131
\levelsixwidth=\skip132
\XLingPapertempdim=\dimen185
\XLingPapertempdimletter=\dimen186
\XLingPaperpnumwidth=\skip133
\XLingPapertocrmarg=\skip134
\XLingPaperinterlinearsourcewidth=\skip135
\XLingPaperinterlinearsourcegapwidth=\skip136
\XLingPaperlistinexampleindent=\skip137
\XLingPaperisocodewidth=\skip138
\XLingPaperlistitemindent=\skip139
\XLingPaperbulletlistitemwidth=\skip140
\XLingPapersingledigitlistitemwidth=\skip141
\XLingPaperdoubledigitlistitemwidth=\skip142
\XLingPapertripledigitlistitemwidth=\skip143
\XLingPapersingleletterlistitemwidth=\skip144
\XLingPaperdoubleletterlistitemwidth=\skip145
\XLingPapertripleletterlistitemwidth=\skip146
\XLingPaperromanviilistitemwidth=\skip147
\XLingPaperromanviiilistitemwidth=\skip148
\XLingPaperromanxviiilistitemwidth=\skip149
\XLingPaperspacewidth=\skip150
\XLingPaperexamplefreeindent=\skip151
\XLingPaperinterwordskip=\skip152
\openout8 = `SayMore.toc'.

\XLingPaperspaceneeded=\dimen187
\XLingPaperspaceavailable=\dimen188
\XLingPaperspaceneeded=\dimen189
\XLingPaperspaceavailable=\dimen190

Overfull \hbox (73.2623pt too wide) in paragraph at lines 204--206
 \EU1/TimesNewRoman(0)/bx/n/14 (Franais)[] 
 []

[1


]
\XLingPaperspaceneeded=\dimen191
\XLingPaperspaceavailable=\dimen192
\XLingPaperspaceneeded=\dimen193
\XLingPaperspaceavailable=\dimen194

Overfull \hbox (73.2623pt too wide) in paragraph at lines 211--213
 \EU1/TimesNewRoman(0)/bx/n/14 (Franais)[] 
 []

\XLingPaperspaceneeded=\dimen195
\XLingPaperspaceavailable=\dimen196
\XLingPaperspaceneeded=\dimen197
\XLingPaperspaceavailable=\dimen198
\XLingPaperspaceneeded=\dimen199
\XLingPaperspaceavailable=\dimen200
\XLingPaperspaceneeded=\dimen201
Normal \dimen register pool exhausted, switching to extended pool.
\XLingPaperspaceavailable=\dimen256
[2

]
\XLingPaperspaceneeded=\dimen257
\XLingPaperspaceavailable=\dimen258
\XLingPapertempdim=\dimen259
LaTeX Font Info:    External font `cmex10' loaded for size
(Font)              <7> on input line 232.
LaTeX Font Info:    External font `cmex10' loaded for size
(Font)              <5> on input line 232.
\XLingPapertempdim=\dimen260
\XLingPapertempdim=\dimen261
\XLingPapertempdim=\dimen262
\XLingPapertempdim=\dimen263
\XLingPapertempdim=\dimen264
\XLingPapertempdim=\dimen265
 [3

]
\XLingPaperspaceneeded=\dimen266
\XLingPaperspaceavailable=\dimen267
\XLingPaperspaceneeded=\dimen268
\XLingPaperspaceavailable=\dimen269

Overfull \hbox (24.57985pt too wide) in paragraph at lines 246--246
[]\zf@basefont En tant que Documenter de langue, vous accumulez rapidement un g
rand nombre d'enregistrements
 []

[1


]
\XLingPaperspaceneeded=\dimen270
\XLingPaperspaceavailable=\dimen271
\XLingPaperspaceneeded=\dimen272
\XLingPaperspaceavailable=\dimen273
 [2

]
\XLingPaperspaceneeded=\dimen274
\XLingPaperspaceavailable=\dimen275
\XLingPaperspaceneeded=\dimen276
\XLingPaperspaceavailable=\dimen277
\XLingPaperspaceneeded=\dimen278
\XLingPaperspaceavailable=\dimen279
\XLingPaperspaceneeded=\dimen280
\XLingPaperspaceavailable=\dimen281
\XLingPaperspaceneeded=\dimen282
\XLingPaperspaceavailable=\dimen283
\XLingPaperspaceneeded=\dimen284
\XLingPaperspaceavailable=\dimen285
\XLingPaperspaceneeded=\dimen286
\XLingPaperspaceavailable=\dimen287
\XLingPaperspaceneeded=\dimen288
\XLingPaperspaceavailable=\dimen289
 [3

]
\XLingPaperspaceneeded=\dimen290
\XLingPaperspaceavailable=\dimen291
\XLingPaperspaceneeded=\dimen292
\XLingPaperspaceavailable=\dimen293
 [4

]
\XLingPaperspaceneeded=\dimen294
\XLingPaperspaceavailable=\dimen295
\XLingPaperspaceneeded=\dimen296
\XLingPaperspaceavailable=\dimen297
 [5

] (./SayMore.aux) ) 
Here is how much of TeX's memory you used:
 24985 strings out of 494535
 452203 string characters out of 3159869
 535558 words of memory out of 3000000
 27755 multiletter control sequences out of 15000+200000
 3970 words of font info for 43 fonts, out of 3000000 for 9000
 669 hyphenation exceptions out of 8191
 68i,11n,65p,832b,475s stack positions out of 5000i,500n,10000p,200000b,50000s

Output written on SayMore.pdf (8 pages).
